# JRE version: OpenJDK Runtime Environment (11.0.12+7) (build 11.0.12+7-b1504.28-7817840)
# Java VM: OpenJDK 64-Bit Server VM (11.0.12+7-b1504.28-7817840, mixed mode, tiered, compressed oops, g1 gc, windows-amd64)
Heap:
 garbage-first heap   total 260096K, used 54238K [0x0000000080000000, 0x0000000100000000)
  region size 1024K, 39 young (39936K), 7 survivors (7168K)
 Metaspace       used 37677K, capacity 38597K, committed 38864K, reserved 1087488K
  class space    used 4866K, capacity 5199K, committed 5328K, reserved 1048576K
GC Heap History (12 events):
Event: 1.176 GC heap before
{Heap before GC invocations=0 (full 0):
 garbage-first heap   total 260096K, used 30720K [0x0000000080000000, 0x0000000100000000)
  region size 1024K, 24 young (24576K), 0 survivors (0K)
 Metaspace       used 10225K, capacity 10427K, committed 10624K, reserved 1058816K
  class space    used 1072K, capacity 1141K, committed 1152K, reserved 1048576K
}
Event: 1.192 GC heap after
{Heap after GC invocations=1 (full 0):
 garbage-first heap   total 260096K, used 9286K [0x0000000080000000, 0x0000000100000000)
  region size 1024K, 3 young (3072K), 3 survivors (3072K)
 Metaspace       used 10225K, capacity 10427K, committed 10624K, reserved 1058816K
  class space    used 1072K, capacity 1141K, committed 1152K, reserved 1048576K
}
Event: 1.815 GC heap before
{Heap before GC invocations=1 (full 0):
 garbage-first heap   total 260096K, used 30790K [0x0000000080000000, 0x0000000100000000)
  region size 1024K, 24 young (24576K), 3 survivors (3072K)
 Metaspace       used 11179K, capacity 11382K, committed 11520K, reserved 1058816K
  class space    used 1174K, capacity 1246K, committed 1280K, reserved 1048576K
}
Event: 1.819 GC heap after
{Heap after GC invocations=2 (full 0):
 garbage-first heap   total 260096K, used 10150K [0x0000000080000000, 0x0000000100000000)
  region size 1024K, 1 young (1024K), 1 survivors (1024K)
 Metaspace       used 11179K, capacity 11382K, committed 11520K, reserved 1058816K
  class space    used 1174K, capacity 1246K, committed 1280K, reserved 1048576K
}
Event: 6.130 GC heap before
{Heap before GC invocations=2 (full 0):
 garbage-first heap   total 260096K, used 63398K [0x0000000080000000, 0x0000000100000000)
  region size 1024K, 53 young (54272K), 1 survivors (1024K)
 Metaspace       used 17606K, capacity 17977K, committed 18176K, reserved 1064960K
  class space    used 2091K, capacity 2211K, committed 2304K, reserved 1048576K
}
Event: 6.207 GC heap after
{Heap after GC invocations=3 (full 0):
 garbage-first heap   total 260096K, used 16316K [0x0000000080000000, 0x0000000100000000)
  region size 1024K, 7 young (7168K), 7 survivors (7168K)
 Metaspace       used 17606K, capacity 17977K, committed 18176K, reserved 1064960K
  class space    used 2091K, capacity 2211K, committed 2304K, reserved 1048576K
}
Event: 7.350 GC heap before
{Heap before GC invocations=3 (full 0):
 garbage-first heap   total 260096K, used 44988K [0x0000000080000000, 0x0000000100000000)
  region size 1024K, 36 young (36864K), 7 survivors (7168K)
 Metaspace       used 20783K, capacity 21159K, committed 21296K, reserved 1069056K
  class space    used 2568K, capacity 2718K, committed 2816K, reserved 1048576K
}
Event: 7.365 GC heap after
{Heap after GC invocations=4 (full 0):
 garbage-first heap   total 260096K, used 17279K [0x0000000080000000, 0x0000000100000000)
  region size 1024K, 2 young (2048K), 2 survivors (2048K)
 Metaspace       used 20783K, capacity 21159K, committed 21296K, reserved 1069056K
  class space    used 2568K, capacity 2718K, committed 2816K, reserved 1048576K
}
Event: 12.568 GC heap before
{Heap before GC invocations=5 (full 0):
 garbage-first heap   total 260096K, used 96127K [0x0000000080000000, 0x0000000100000000)
  region size 1024K, 80 young (81920K), 2 survivors (2048K)
 Metaspace       used 28793K, capacity 29430K, committed 29696K, reserved 1075200K
  class space    used 3812K, capacity 4062K, committed 4096K, reserved 1048576K
}
Event: 12.577 GC heap after
{Heap after GC invocations=6 (full 0):
 garbage-first heap   total 260096K, used 19863K [0x0000000080000000, 0x0000000100000000)
  region size 1024K, 4 young (4096K), 4 survivors (4096K)
 Metaspace       used 28793K, capacity 29430K, committed 29696K, reserved 1075200K
  class space    used 3812K, capacity 4062K, committed 4096K, reserved 1048576K
}
Event: 14.000 GC heap before
{Heap before GC invocations=6 (full 0):
 garbage-first heap   total 260096K, used 52631K [0x0000000080000000, 0x0000000100000000)
  region size 1024K, 37 young (37888K), 4 survivors (4096K)
 Metaspace       used 35008K, capacity 35823K, committed 35920K, reserved 1081344K
  class space    used 4555K, capacity 4875K, committed 4944K, reserved 1048576K
}
Event: 14.015 GC heap after
{Heap after GC invocations=7 (full 0):
 garbage-first heap   total 260096K, used 22494K [0x0000000080000000, 0x0000000100000000)
  region size 1024K, 7 young (7168K), 7 survivors (7168K)
 Metaspace       used 35008K, capacity 35823K, committed 35920K, reserved 1081344K
  class space    used 4555K, capacity 4875K, committed 4944K, reserved 1048576K
}

